\BOOKMARK [0][-]{chapter.1}{\376\377\000\315\000n\000d\000i\000c\000e\000\040\000d\000o\000s\000\040\000C\000o\000m\000p\000o\000n\000e\000n\000t\000e\000s}{}% 1
\BOOKMARK [1][-]{section.1.1}{\376\377\000L\000i\000s\000t\000a\000\040\000d\000e\000\040\000C\000o\000m\000p\000o\000n\000e\000n\000t\000e\000s}{chapter.1}% 2
\BOOKMARK [0][-]{chapter.2}{\376\377\000\315\000n\000d\000i\000c\000e\000\040\000d\000o\000s\000\040\000A\000r\000q\000u\000i\000v\000o\000s}{}% 3
\BOOKMARK [1][-]{section.2.1}{\376\377\000L\000i\000s\000t\000a\000\040\000d\000e\000\040\000A\000r\000q\000u\000i\000v\000o\000s}{chapter.2}% 4
\BOOKMARK [0][-]{chapter.3}{\376\377\000C\000l\000a\000s\000s\000e\000s}{}% 5
\BOOKMARK [1][-]{section.3.1}{\376\377\000R\000e\000f\000e\000r\000\352\000n\000c\000i\000a\000\040\000d\000a\000\040\000C\000l\000a\000s\000s\000e\000\040\000M\000a\000t\000r\000i\000x\000F\000i\000l\000e\000s\000I\000O}{chapter.3}% 6
\BOOKMARK [2][-]{subsection.3.1.1}{\376\377\000C\000o\000n\000s\000t\000r\000u\000t\000o\000r\000e\000s\000\040\000\046\000\040\000D\000e\000s\000t\000r\000u\000t\000o\000r\000e\000s}{section.3.1}% 7
\BOOKMARK [3][-]{subsubsection.3.1.1.1}{\376\377\000M\000a\000t\000r\000i\000x\000F\000i\000l\000e\000s\000I\000O}{subsection.3.1.1}% 8
\BOOKMARK [3][-]{subsubsection.3.1.1.2}{\376\377\000M\000a\000t\000r\000i\000x\000F\000i\000l\000e\000s\000I\000O}{subsection.3.1.1}% 9
\BOOKMARK [2][-]{subsection.3.1.2}{\376\377\000M\000\351\000t\000o\000d\000o\000s}{section.3.1}% 10
\BOOKMARK [3][-]{subsubsection.3.1.2.1}{\376\377\000C\000r\000e\000a\000t\000e\000A\000n\000d\000S\000a\000v\000e\000M\000F\000i\000l\000e}{subsection.3.1.2}% 11
\BOOKMARK [3][-]{subsubsection.3.1.2.2}{\376\377\000O\000p\000e\000r\000a\000t\000i\000o\000n\000I\000O}{subsection.3.1.2}% 12
\BOOKMARK [3][-]{subsubsection.3.1.2.3}{\376\377\000O\000p\000e\000r\000a\000t\000i\000o\000n\000I\000O}{subsection.3.1.2}% 13
\BOOKMARK [3][-]{subsubsection.3.1.2.4}{\376\377\000S\000h\000o\000w\000M\000a\000t\000r\000i\000x}{subsection.3.1.2}% 14
\BOOKMARK [1][-]{section.3.2}{\376\377\000R\000e\000f\000e\000r\000\352\000n\000c\000i\000a\000\040\000d\000a\000\040\000C\000l\000a\000s\000s\000e\000\040\000N\000a\000v\000i\000e\000r\000S\000t\000o\000k\000e\000s}{chapter.3}% 15
\BOOKMARK [2][-]{subsection.3.2.1}{\376\377\000C\000o\000n\000s\000t\000r\000u\000t\000o\000r\000e\000s\000\040\000\046\000\040\000D\000e\000s\000t\000r\000u\000t\000o\000r\000e\000s}{section.3.2}% 16
\BOOKMARK [3][-]{subsubsection.3.2.1.1}{\376\377\000N\000a\000v\000i\000e\000r\000S\000t\000o\000k\000e\000s}{subsection.3.2.1}% 17
\BOOKMARK [1][-]{section.3.3}{\376\377\000R\000e\000f\000e\000r\000\352\000n\000c\000i\000a\000\040\000d\000a\000\040\000C\000l\000a\000s\000s\000e\000\040\000P\000o\000i\000s\000s\000o\000n}{chapter.3}% 18
\BOOKMARK [2][-]{subsection.3.3.1}{\376\377\000C\000o\000n\000s\000t\000r\000u\000t\000o\000r\000e\000s\000\040\000\046\000\040\000D\000e\000s\000t\000r\000u\000t\000o\000r\000e\000s}{section.3.3}% 19
\BOOKMARK [3][-]{subsubsection.3.3.1.1}{\376\377\000P\000o\000i\000s\000s\000o\000n}{subsection.3.3.1}% 20
\BOOKMARK [3][-]{subsubsection.3.3.1.2}{\376\377\000P\000o\000i\000s\000s\000o\000n}{subsection.3.3.1}% 21
\BOOKMARK [3][-]{subsubsection.3.3.1.3}{\376\377\000P\000o\000i\000s\000s\000o\000n}{subsection.3.3.1}% 22
\BOOKMARK [2][-]{subsection.3.3.2}{\376\377\000M\000\351\000t\000o\000d\000o\000s}{section.3.3}% 23
\BOOKMARK [3][-]{subsubsection.3.3.2.1}{\376\377\000P\000o\000i\000s\000s\000o\000n\000D\000i\000r\000i\000c\000h\000l\000e\000t}{subsection.3.3.2}% 24
\BOOKMARK [3][-]{subsubsection.3.3.2.2}{\376\377\000P\000o\000i\000s\000s\000o\000n\000N\000e\000u\000m\000a\000n\000n}{subsection.3.3.2}% 25
\BOOKMARK [0][-]{chapter.4}{\376\377\000A\000r\000q\000u\000i\000v\000o\000s}{}% 26
\BOOKMARK [1][-]{section.4.1}{\376\377\000R\000e\000f\000e\000r\000\352\000n\000c\000i\000a\000\040\000d\000o\000\040\000A\000r\000q\000u\000i\000v\000o\000\040\000L\000i\000n\000k\000\040\000t\000o\000\040\000e\000d\000p\000\137\0000\0001\000.\000c\000p\000p}{chapter.4}% 27
\BOOKMARK [2][-]{subsection.4.1.1}{\376\377\000F\000u\000n\000\347\000\365\000e\000s}{section.4.1}% 28
\BOOKMARK [3][-]{subsubsection.4.1.1.1}{\376\377\000m\000a\000i\000n}{subsection.4.1.1}% 29
\BOOKMARK [1][-]{section.4.2}{\376\377\000R\000e\000f\000e\000r\000\352\000n\000c\000i\000a\000\040\000d\000o\000\040\000A\000r\000q\000u\000i\000v\000o\000\040\000L\000i\000n\000k\000\040\000t\000o\000\040\000e\000d\000p\000\137\0000\0005\000.\000c\000p\000p}{chapter.4}% 30
\BOOKMARK [2][-]{subsection.4.2.1}{\376\377\000F\000u\000n\000\347\000\365\000e\000s}{section.4.2}% 31
\BOOKMARK [3][-]{subsubsection.4.2.1.1}{\376\377\000m\000a\000i\000n}{subsection.4.2.1}% 32
\BOOKMARK [1][-]{section.4.3}{\376\377\000R\000e\000f\000e\000r\000\352\000n\000c\000i\000a\000\040\000d\000o\000\040\000A\000r\000q\000u\000i\000v\000o\000\040\000L\000i\000n\000k\000\040\000t\000o\000\040\000m\000a\000i\000n\000.\000c\000p\000p}{chapter.4}% 33
\BOOKMARK [2][-]{subsection.4.3.1}{\376\377\000F\000u\000n\000\347\000\365\000e\000s}{section.4.3}% 34
\BOOKMARK [3][-]{subsubsection.4.3.1.1}{\376\377\000m\000a\000i\000n}{subsection.4.3.1}% 35
\BOOKMARK [1][-]{section.4.4}{\376\377\000R\000e\000f\000e\000r\000\352\000n\000c\000i\000a\000\040\000d\000o\000\040\000A\000r\000q\000u\000i\000v\000o\000\040\000L\000i\000n\000k\000\040\000t\000o\000\040\000M\000a\000t\000r\000i\000x\000F\000i\000l\000e\000s\000I\000O\000.\000c\000p\000p}{chapter.4}% 36
\BOOKMARK [2][-]{subsection.4.4.1}{\376\377\000F\000u\000n\000\347\000\365\000e\000s}{section.4.4}% 37
\BOOKMARK [3][-]{subsubsection.4.4.1.1}{\376\377\000C\000r\000e\000a\000t\000e\000A\000n\000d\000S\000a\000v\000e\000M\000F\000i\000l\000e}{subsection.4.4.1}% 38
\BOOKMARK [1][-]{section.4.5}{\376\377\000R\000e\000f\000e\000r\000\352\000n\000c\000i\000a\000\040\000d\000o\000\040\000A\000r\000q\000u\000i\000v\000o\000\040\000L\000i\000n\000k\000\040\000t\000o\000\040\000M\000a\000t\000r\000i\000x\000F\000i\000l\000e\000s\000I\000O\000.\000h\000p\000p}{chapter.4}% 39
\BOOKMARK [2][-]{subsection.4.5.1}{\376\377\000D\000e\000f\000i\000n\000i\000\347\000\365\000e\000s\000\040\000e\000\040\000m\000a\000c\000r\000o\000s}{section.4.5}% 40
\BOOKMARK [3][-]{subsubsection.4.5.1.1}{\376\377\000C\000H\000E\000C\000K\000\137\000A\000N\000D\000\137\000C\000L\000E\000A\000N\000\137\000P\000O\000I\000N\000T\000E\000R\000\137\000D\000O\000U\000B\000L\000E}{subsection.4.5.1}% 41
\BOOKMARK [3][-]{subsubsection.4.5.1.2}{\376\377\000C\000H\000E\000C\000K\000\137\000A\000N\000D\000\137\000C\000L\000O\000S\000E\000\137\000O\000P\000E\000N\000E\000D\000\137\000F\000I\000L\000E\000S}{subsection.4.5.1}% 42
\BOOKMARK [3][-]{subsubsection.4.5.1.3}{\376\377\000C\000H\000E\000C\000K\000\137\000R\000E\000A\000D\000\137\000S\000Y\000S\000T\000E\000M\000\137\000B\000I\000N\000A\000R\000Y\000\137\000O\000R\000\137\000A\000S\000C\000I\000I}{subsection.4.5.1}% 43
\BOOKMARK [3][-]{subsubsection.4.5.1.4}{\376\377\000C\000H\000E\000C\000K\000\137\000W\000R\000I\000T\000E\000\137\000S\000Y\000S\000T\000E\000M\000\137\000B\000I\000N\000A\000R\000Y\000\137\000O\000R\000\137\000A\000S\000C\000I\000I}{subsection.4.5.1}% 44
\BOOKMARK [3][-]{subsubsection.4.5.1.5}{\376\377\000C\000O\000N\000V\000E\000R\000T\000\137\000M\000A\000T\000R\000I\000X\000\137\000F\000R\000O\000M\000\137\000E\000I\000G\000E\000N\000\137\000T\000O\000\137\000D\000O\000U\000B\000L\000E\000\137\000P\000O\000I\000N\000T\000E\000R}{subsection.4.5.1}% 45
\BOOKMARK [3][-]{subsubsection.4.5.1.6}{\376\377\000E\000R\000R\000O\000R\000\137\000M\000E\000S\000S\000A\000G\000E\000\137\000W\000R\000O\000N\000G\000\137\000P\000A\000R\000A\000M\000E\000T\000E\000R\000S}{subsection.4.5.1}% 46
\BOOKMARK [3][-]{subsubsection.4.5.1.7}{\376\377\000I\000N\000I\000T\000I\000A\000L\000I\000Z\000E\000\137\000F\000I\000L\000E\000\137\000R\000E\000A\000D\000\137\000B\000I\000N\000A\000R\000Y\000\137\000O\000R\000\137\000A\000S\000C\000I\000I}{subsection.4.5.1}% 47
\BOOKMARK [3][-]{subsubsection.4.5.1.8}{\376\377\000I\000N\000I\000T\000I\000A\000L\000I\000Z\000E\000\137\000F\000I\000L\000E\000\137\000W\000R\000I\000T\000E\000\137\000B\000I\000N\000A\000R\000Y\000\137\000O\000R\000\137\000A\000S\000C\000I\000I}{subsection.4.5.1}% 48
\BOOKMARK [3][-]{subsubsection.4.5.1.9}{\376\377\000R\000E\000A\000D\000\137\000D\000O\000U\000B\000L\000E\000\137\000A\000N\000D\000\137\000C\000O\000N\000V\000E\000R\000T\000\137\000T\000O\000\137\000E\000I\000G\000E\000N\000\137\000M\000A\000T\000R\000I\000X}{subsection.4.5.1}% 49
\BOOKMARK [3][-]{subsubsection.4.5.1.10}{\376\377\000U\000P\000D\000A\000T\000E\000\137\000N\000U\000M\000B\000E\000R\000\137\000O\000F\000\137\000M\000A\000T\000R\000I\000C\000E\000S\000\137\000R\000E\000A\000D\000\137\000O\000R\000\137\000W\000R\000I\000T\000T\000E\000N}{subsection.4.5.1}% 50
\BOOKMARK [3][-]{subsubsection.4.5.1.11}{\376\377\000W\000A\000R\000N\000I\000N\000G\000\137\000W\000R\000I\000T\000E\000\137\000A\000S\000C\000I\000I}{subsection.4.5.1}% 51
\BOOKMARK [3][-]{subsubsection.4.5.1.12}{\376\377\000W\000R\000O\000N\000G\000\137\000P\000A\000R\000A\000M\000E\000T\000E\000R\000S}{subsection.4.5.1}% 52
\BOOKMARK [1][-]{section.4.6}{\376\377\000R\000e\000f\000e\000r\000\352\000n\000c\000i\000a\000\040\000d\000o\000\040\000A\000r\000q\000u\000i\000v\000o\000\040\000L\000i\000n\000k\000\040\000t\000o\000\040\000M\000a\000t\000r\000i\000x\000F\000i\000l\000e\000s\000I\000O\000\137\000t\000e\000s\000t\000.\000c\000p\000p}{chapter.4}% 53
\BOOKMARK [2][-]{subsection.4.6.1}{\376\377\000F\000u\000n\000\347\000\365\000e\000s}{section.4.6}% 54
\BOOKMARK [3][-]{subsubsection.4.6.1.1}{\376\377\000m\000a\000i\000n}{subsection.4.6.1}% 55
\BOOKMARK [1][-]{section.4.7}{\376\377\000R\000e\000f\000e\000r\000\352\000n\000c\000i\000a\000\040\000d\000o\000\040\000A\000r\000q\000u\000i\000v\000o\000\040\000L\000i\000n\000k\000\040\000t\000o\000\040\000N\000a\000v\000i\000e\000r\000S\000t\000o\000k\000e\000s\000.\000c\000p\000p}{chapter.4}% 56
\BOOKMARK [1][-]{section.4.8}{\376\377\000R\000e\000f\000e\000r\000\352\000n\000c\000i\000a\000\040\000d\000o\000\040\000A\000r\000q\000u\000i\000v\000o\000\040\000L\000i\000n\000k\000\040\000t\000o\000\040\000N\000a\000v\000i\000e\000r\000S\000t\000o\000k\000e\000s\000.\000h\000p\000p}{chapter.4}% 57
\BOOKMARK [2][-]{subsection.4.8.1}{\376\377\000D\000e\000f\000i\000n\000i\000\347\000\365\000e\000s\000\040\000e\000\040\000m\000a\000c\000r\000o\000s}{section.4.8}% 58
\BOOKMARK [3][-]{subsubsection.4.8.1.1}{\376\377\000V\000E\000L\000O\000C\000I\000T\000Y\000\137\000X\000\137\000A\000V\000E\000R\000A\000G\000E}{subsection.4.8.1}% 59
\BOOKMARK [3][-]{subsubsection.4.8.1.2}{\376\377\000V\000E\000L\000O\000C\000I\000T\000Y\000\137\000X\000\137\000N\000O\000\137\000P\000R\000E\000S\000S\000U\000R\000E}{subsection.4.8.1}% 60
\BOOKMARK [3][-]{subsubsection.4.8.1.3}{\376\377\000V\000E\000L\000O\000C\000I\000T\000Y\000\137\000X\000\137\000S\000U\000M}{subsection.4.8.1}% 61
\BOOKMARK [3][-]{subsubsection.4.8.1.4}{\376\377\000V\000E\000L\000O\000C\000I\000T\000Y\000\137\000Y\000\137\000A\000V\000E\000R\000A\000G\000E}{subsection.4.8.1}% 62
\BOOKMARK [3][-]{subsubsection.4.8.1.5}{\376\377\000V\000E\000L\000O\000C\000I\000T\000Y\000\137\000Y\000\137\000N\000O\000\137\000P\000R\000E\000S\000S\000U\000R\000E}{subsection.4.8.1}% 63
\BOOKMARK [3][-]{subsubsection.4.8.1.6}{\376\377\000V\000E\000L\000O\000C\000I\000T\000Y\000\137\000Y\000\137\000S\000U\000M}{subsection.4.8.1}% 64
\BOOKMARK [1][-]{section.4.9}{\376\377\000R\000e\000f\000e\000r\000\352\000n\000c\000i\000a\000\040\000d\000o\000\040\000A\000r\000q\000u\000i\000v\000o\000\040\000L\000i\000n\000k\000\040\000t\000o\000\040\000O\000w\000n\000M\000a\000t\000h\000.\000h\000p\000p}{chapter.4}% 65
\BOOKMARK [2][-]{subsection.4.9.1}{\376\377\000F\000u\000n\000\347\000\365\000e\000s}{section.4.9}% 66
\BOOKMARK [3][-]{subsubsection.4.9.1.1}{\376\377\000d\000R\000e\000a\000d\000C\000o\000n\000d\000i\000t\000i\000o\000n\000s}{subsection.4.9.1}% 67
\BOOKMARK [3][-]{subsubsection.4.9.1.2}{\376\377\000f\000i\000l\000e\000N\000a\000m\000e}{subsection.4.9.1}% 68
\BOOKMARK [3][-]{subsubsection.4.9.1.3}{\376\377\000P\000o\000i\000s\000s\000o\000n\000D\000i\000r\000i\000c\000h\000l\000e\000t}{subsection.4.9.1}% 69
\BOOKMARK [3][-]{subsubsection.4.9.1.4}{\376\377\000s\000a\000v\000e}{subsection.4.9.1}% 70
\BOOKMARK [3][-]{subsubsection.4.9.1.5}{\376\377\000s\000a\000v\000e\000T\000m\000E\000q\000n}{subsection.4.9.1}% 71
\BOOKMARK [1][-]{section.4.10}{\376\377\000R\000e\000f\000e\000r\000\352\000n\000c\000i\000a\000\040\000d\000o\000\040\000A\000r\000q\000u\000i\000v\000o\000\040\000L\000i\000n\000k\000\040\000t\000o\000\040\000P\000o\000i\000s\000s\000o\000n\000.\000c\000p\000p}{chapter.4}% 72
\BOOKMARK [1][-]{section.4.11}{\376\377\000R\000e\000f\000e\000r\000\352\000n\000c\000i\000a\000\040\000d\000o\000\040\000A\000r\000q\000u\000i\000v\000o\000\040\000L\000i\000n\000k\000\040\000t\000o\000\040\000P\000o\000i\000s\000s\000o\000n\000.\000h\000p\000p}{chapter.4}% 73
\BOOKMARK [1][-]{section.4.12}{\376\377\000R\000e\000f\000e\000r\000\352\000n\000c\000i\000a\000\040\000d\000o\000\040\000A\000r\000q\000u\000i\000v\000o\000\040\000L\000i\000n\000k\000\040\000t\000o\000\040\000P\000o\000i\000s\000s\000o\000n\000\137\000t\000e\000s\000t\000.\000c\000p\000p}{chapter.4}% 74
\BOOKMARK [1][-]{section.4.13}{\376\377\000R\000e\000f\000e\000r\000\352\000n\000c\000i\000a\000\040\000d\000o\000\040\000A\000r\000q\000u\000i\000v\000o\000\040\000L\000i\000n\000k\000\040\000t\000o\000\040\000S\000i\000m\000p\000l\000e\000T\000e\000s\000t\000R\000e\000a\000d\000A\000n\000d\000W\000r\000i\000t\000e\000.\000c\000p\000p}{chapter.4}% 75
\BOOKMARK [2][-]{subsection.4.13.1}{\376\377\000F\000u\000n\000\347\000\365\000e\000s}{section.4.13}% 76
\BOOKMARK [3][-]{subsubsection.4.13.1.1}{\376\377\000m\000a\000i\000n}{subsection.4.13.1}% 77
\BOOKMARK [3][-]{subsubsection.4.13.1.2}{\376\377\000r\000e\000a\000d}{subsection.4.13.1}% 78
\BOOKMARK [3][-]{subsubsection.4.13.1.3}{\376\377\000w\000r\000i\000t\000e}{subsection.4.13.1}% 79
\BOOKMARK [1][-]{section.4.14}{\376\377\000R\000e\000f\000e\000r\000\352\000n\000c\000i\000a\000\040\000d\000o\000\040\000A\000r\000q\000u\000i\000v\000o\000\040\000L\000i\000n\000k\000\040\000t\000o\000\040\000s\000t\000d\000h\000e\000a\000d\000e\000r\000.\000h\000p\000p}{chapter.4}% 80
\BOOKMARK [2][-]{subsection.4.14.1}{\376\377\000D\000e\000f\000i\000n\000i\000\347\000\365\000e\000s\000\040\000e\000\040\000m\000a\000c\000r\000o\000s}{section.4.14}% 81
\BOOKMARK [3][-]{subsubsection.4.14.1.1}{\376\377\000A\000S\000C\000I\000I}{subsection.4.14.1}% 82
\BOOKMARK [3][-]{subsubsection.4.14.1.2}{\376\377\000B\000I\000N\000A\000R\000Y}{subsection.4.14.1}% 83
\BOOKMARK [3][-]{subsubsection.4.14.1.3}{\376\377\000C\000S\000T\000D\000L\000I\000B\000\137\000H}{subsection.4.14.1}% 84
\BOOKMARK [3][-]{subsubsection.4.14.1.4}{\376\377\000C\000T\000I\000M\000E\000\137\000H}{subsection.4.14.1}% 85
\BOOKMARK [3][-]{subsubsection.4.14.1.5}{\376\377\000D\000E\000N\000S\000E\000\137\000H}{subsection.4.14.1}% 86
\BOOKMARK [3][-]{subsubsection.4.14.1.6}{\376\377\000F\000S\000T\000R\000E\000A\000M\000\137\000H}{subsection.4.14.1}% 87
\BOOKMARK [3][-]{subsubsection.4.14.1.7}{\376\377\000I\000O\000S\000T\000R\000E\000A\000M\000\137\000H}{subsection.4.14.1}% 88
\BOOKMARK [3][-]{subsubsection.4.14.1.8}{\376\377\000L\000E\000X\000I\000C\000A\000L\000\137\000C\000A\000S\000T\000\137\000H}{subsection.4.14.1}% 89
\BOOKMARK [3][-]{subsubsection.4.14.1.9}{\376\377\000P\000E\000N\000T\000A\000D\000I\000A\000G\000O\000N\000A\000L}{subsection.4.14.1}% 90
\BOOKMARK [3][-]{subsubsection.4.14.1.10}{\376\377\000R\000E\000A\000D}{subsection.4.14.1}% 91
\BOOKMARK [3][-]{subsubsection.4.14.1.11}{\376\377\000S\000P\000A\000R\000S\000E\000\137\000H}{subsection.4.14.1}% 92
\BOOKMARK [3][-]{subsubsection.4.14.1.12}{\376\377\000S\000T\000R\000I\000N\000G\000\137\000H}{subsection.4.14.1}% 93
\BOOKMARK [3][-]{subsubsection.4.14.1.13}{\376\377\000S\000U\000C\000C\000E\000S\000S}{subsection.4.14.1}% 94
\BOOKMARK [3][-]{subsubsection.4.14.1.14}{\376\377\000V\000E\000C\000T\000O\000R\000\137\000H}{subsection.4.14.1}% 95
\BOOKMARK [3][-]{subsubsection.4.14.1.15}{\376\377\000W\000R\000I\000T\000E}{subsection.4.14.1}% 96
\BOOKMARK [2][-]{subsection.4.14.2}{\376\377\000D\000e\000f\000i\000n\000i\000\347\000\365\000e\000s\000\040\000d\000o\000s\000\040\000t\000i\000p\000o\000s}{section.4.14}% 97
\BOOKMARK [3][-]{subsubsection.4.14.2.1}{\376\377\000S\000p\000M\000a\000t}{subsection.4.14.2}% 98
\BOOKMARK [3][-]{subsubsection.4.14.2.2}{\376\377\000T}{subsection.4.14.2}% 99
